#
# There is insufficient memory for the Java Runtime Environment to continue.
# Native memory allocation (mmap) failed to map 532676608 bytes for G1 virtual space
# Possible reasons:
#   The system is out of physical RAM or swap space
#   The process is running with CompressedOops enabled, and the Java Heap may be blocking the growth of the native heap
# Possible solutions:
#   Reduce memory load on the system
#   Increase physical memory or swap space
#   Check if swap backing store is full
#   Decrease Java heap size (-Xmx/-Xms)
#   Decrease number of Java threads
#   Decrease Java thread stack sizes (-Xss)
#   Set larger code cache with -XX:ReservedCodeCacheSize=
#   JVM is running with Zero Based Compressed Oops mode in which the Java heap is
#     placed in the first 32GB address space. The Java Heap base address is the
#     maximum limit for the native heap growth. Please use -XX:HeapBaseMinAddress
#     to set the Java Heap base and to place the Java Heap above 32GB virtual address.
# This output file may be truncated or incomplete.
#
#  Out of Memory Error (os_windows.cpp:3548), pid=11592, tid=47976
#
# JRE version:  (17.0.10+11) (build )
# Java VM: Java HotSpot(TM) 64-Bit Server VM (17.0.10+11-LTS-240, mixed mode, sharing, tiered, compressed oops, compressed class ptrs, g1 gc, windows-amd64)
# No core dump will be written. Minidumps are not enabled by default on client versions of Windows
#

---------------  S U M M A R Y ------------

Command Line: -Dcom.sun.management.jmxremote -Dcom.sun.management.jmxremote.port=58560 -Dcom.sun.management.jmxremote.authenticate=false -Dcom.sun.management.jmxremote.ssl=false -Dspring.jmx.enabled=true -Djava.rmi.server.hostname=localhost -Dspring.application.admin.enabled=true -Dspring.boot.project.name=Back-End -XX:+ShowCodeDetailsInExceptionMessages net.scit.backend.BackEndApplication

Host: Intel(R) Core(TM) 7 150U, 12 cores, 31G,  Windows 11 , 64 bit Build 22621 (10.0.22621.4830)
Time: Fri Feb 28 15:13:15 2025  Windows 11 , 64 bit Build 22621 (10.0.22621.4830) elapsed time: 0.023138 seconds (0d 0h 0m 0s)

---------------  T H R E A D  ---------------

Current thread (0x000001a71bf252f0):  JavaThread "Unknown thread" [_thread_in_vm, id=47976, stack(0x0000004482e00000,0x0000004482f00000)]

Stack: [0x0000004482e00000,0x0000004482f00000]
Native frames: (J=compiled Java code, j=interpreted, Vv=VM code, C=native code)
V  [jvm.dll+0x677a5a]
V  [jvm.dll+0x7d8b2d]
V  [jvm.dll+0x7da48e]
V  [jvm.dll+0x7daaf3]
V  [jvm.dll+0x2455ff]
V  [jvm.dll+0x6749b9]
V  [jvm.dll+0x669382]
V  [jvm.dll+0x302e96]
V  [jvm.dll+0x30a416]
V  [jvm.dll+0x359cbe]
V  [jvm.dll+0x359eef]
V  [jvm.dll+0x2d9e88]
V  [jvm.dll+0x2dadf4]
V  [jvm.dll+0x7aa551]
V  [jvm.dll+0x367911]
V  [jvm.dll+0x789639]
V  [jvm.dll+0x3eb30f]
V  [jvm.dll+0x3ecd91]
C  [jli.dll+0x5297]
C  [ucrtbase.dll+0x29333]
C  [KERNEL32.DLL+0x1259d]
C  [ntdll.dll+0x5af38]


---------------  P R O C E S S  ---------------

Threads class SMR info:
_java_thread_list=0x00007ffc6a576a18, length=0, elements={
}

Java Threads: ( => current thread )

Other Threads:
  0x000001a71bf98cd0 GCTaskThread "GC Thread#0" [stack: 0x0000004482f00000,0x0000004483000000] [id=8764]
  0x000001a745a80bf0 ConcurrentGCThread "G1 Main Marker" [stack: 0x0000004483000000,0x0000004483100000] [id=1224]
  0x000001a71bfa9b40 ConcurrentGCThread "G1 Conc#0" [stack: 0x0000004483100000,0x0000004483200000] [id=48464]

[error occurred during error reporting (printing all threads), id 0xc0000005, EXCEPTION_ACCESS_VIOLATION (0xc0000005) at pc=0x00007ffc69daaae7]

VM state: not at safepoint (not fully initialized)

VM Mutex/Monitor currently owned by a thread:  ([mutex/lock_event])
[0x000001a71bf201d0] Heap_lock - owner thread: 0x000001a71bf252f0

Heap address: 0x0000000604c00000, size: 8116 MB, Compressed Oops mode: Zero based, Oop shift amount: 3

CDS archive(s) mapped at: [0x0000000000000000-0x0000000000000000-0x0000000000000000), size 0, SharedBaseAddress: 0x0000000800000000, ArchiveRelocationMode: 1.
Narrow klass base: 0x0000000000000000, Narrow klass shift: 0, Narrow klass range: 0x0

GC Precious Log:
<Empty>

Heap:
 garbage-first heap   total 0K, used 0K [0x0000000604c00000, 0x0000000800000000)
  region size 4096K, 0 young (0K), 0 survivors (0K)

[error occurred during error reporting (printing heap information), id 0xc0000005, EXCEPTION_ACCESS_VIOLATION (0xc0000005) at pc=0x00007ffc6a191249]

GC Heap History (0 events):
No events

Deoptimization events (0 events):
No events

Classes unloaded (0 events):
No events

Classes redefined (0 events):
No events

Internal exceptions (0 events):
No events

VM Operations (0 events):
No events

Events (1 events):
Event: 0.013 Loaded shared library C:\Program Files\Java\jdk-17\bin\java.dll


Dynamic libraries:
0x00007ff60edd0000 - 0x00007ff60ede0000 	C:\Program Files\Java\jdk-17\bin\java.exe
0x00007ffce7e70000 - 0x00007ffce8087000 	C:\Windows\SYSTEM32\ntdll.dll
0x00007ffce6100000 - 0x00007ffce61c4000 	C:\Windows\System32\KERNEL32.DLL
0x00007ffce53c0000 - 0x00007ffce5790000 	C:\Windows\System32\KERNELBASE.dll
0x00007ffce5790000 - 0x00007ffce58a1000 	C:\Windows\System32\ucrtbase.dll
0x00007ffcc74f0000 - 0x00007ffcc7509000 	C:\Program Files\Java\jdk-17\bin\jli.dll
0x00007ffce78b0000 - 0x00007ffce7961000 	C:\Windows\System32\ADVAPI32.dll
0x00007ffce6d70000 - 0x00007ffce6e17000 	C:\Windows\System32\msvcrt.dll
0x00007ffcc8d60000 - 0x00007ffcc8d7b000 	C:\Program Files\Java\jdk-17\bin\VCRUNTIME140.dll
0x00007ffce7800000 - 0x00007ffce78a7000 	C:\Windows\System32\sechost.dll
0x00007ffce52f0000 - 0x00007ffce5318000 	C:\Windows\System32\bcrypt.dll
0x00007ffce7c60000 - 0x00007ffce7d74000 	C:\Windows\System32\RPCRT4.dll
0x00007ffce7640000 - 0x00007ffce77ee000 	C:\Windows\System32\USER32.dll
0x00007ffce5120000 - 0x00007ffce5146000 	C:\Windows\System32\win32u.dll
0x00007ffce5d50000 - 0x00007ffce5d79000 	C:\Windows\System32\GDI32.dll
0x00007ffce51d0000 - 0x00007ffce52eb000 	C:\Windows\System32\gdi32full.dll
0x00007ffce5320000 - 0x00007ffce53ba000 	C:\Windows\System32\msvcp_win.dll
0x00007ffccfe70000 - 0x00007ffcd0102000 	C:\Windows\WinSxS\amd64_microsoft.windows.common-controls_6595b64144ccf1df_6.0.22621.4830_none_270fe7d773858e80\COMCTL32.dll
0x00007ffcdd3f0000 - 0x00007ffcdd3fa000 	C:\Windows\SYSTEM32\VERSION.dll
0x00007ffce7a00000 - 0x00007ffce7a31000 	C:\Windows\System32\IMM32.DLL
0x00007ffccf350000 - 0x00007ffccf35c000 	C:\Program Files\Java\jdk-17\bin\vcruntime140_1.dll
0x00007ffcb4f80000 - 0x00007ffcb500e000 	C:\Program Files\Java\jdk-17\bin\msvcp140.dll
0x00007ffc69ac0000 - 0x00007ffc6a69f000 	C:\Program Files\Java\jdk-17\bin\server\jvm.dll
0x00007ffce61d0000 - 0x00007ffce61d8000 	C:\Windows\System32\PSAPI.DLL
0x00007ffcc92b0000 - 0x00007ffcc92b9000 	C:\Windows\SYSTEM32\WSOCK32.dll
0x00007ffce61e0000 - 0x00007ffce6251000 	C:\Windows\System32\WS2_32.dll
0x00007ffcdd690000 - 0x00007ffcdd6c4000 	C:\Windows\SYSTEM32\WINMM.dll
0x00007ffce40c0000 - 0x00007ffce40d8000 	C:\Windows\SYSTEM32\kernel.appcore.dll
0x00007ffccd450000 - 0x00007ffccd45a000 	C:\Program Files\Java\jdk-17\bin\jimage.dll
0x00007ffce3530000 - 0x00007ffce3762000 	C:\Windows\SYSTEM32\DBGHELP.DLL
0x00007ffce72b0000 - 0x00007ffce7640000 	C:\Windows\System32\combase.dll
0x00007ffce5c70000 - 0x00007ffce5d47000 	C:\Windows\System32\OLEAUT32.dll
0x00007ffcdc340000 - 0x00007ffcdc372000 	C:\Windows\SYSTEM32\dbgcore.DLL
0x00007ffce58b0000 - 0x00007ffce592b000 	C:\Windows\System32\bcryptPrimitives.dll
0x00007ffcc5120000 - 0x00007ffcc5145000 	C:\Program Files\Java\jdk-17\bin\java.dll

dbghelp: loaded successfully - version: 4.0.5 - missing functions: none
symbol engine: initialized successfully - sym options: 0x614 - pdb path: .;C:\Program Files\Java\jdk-17\bin;C:\Windows\SYSTEM32;C:\Windows\WinSxS\amd64_microsoft.windows.common-controls_6595b64144ccf1df_6.0.22621.4830_none_270fe7d773858e80;C:\Program Files\Java\jdk-17\bin\server

VM Arguments:
jvm_args: -Dcom.sun.management.jmxremote -Dcom.sun.management.jmxremote.port=58560 -Dcom.sun.management.jmxremote.authenticate=false -Dcom.sun.management.jmxremote.ssl=false -Dspring.jmx.enabled=true -Djava.rmi.server.hostname=localhost -Dspring.application.admin.enabled=true -Dspring.boot.project.name=Back-End -XX:+ShowCodeDetailsInExceptionMessages 
java_command: net.scit.backend.BackEndApplication
java_class_path (initial): D:\user\Desktop\Git Repo\Bibim_PJT\Back-End\build\resources\main;D:\user\Desktop\Git Repo\Bibim_PJT\Back-End\build\classes\java\main;C:\Users\user\.gradle\caches\modules-2\files-2.1\io.netty\netty-transport-classes-epoll\4.1.117.Final\ebca585acd227b8682ed5b2aafbb86d07f77848\netty-transport-classes-epoll-4.1.117.Final.jar;C:\Users\user\.gradle\caches\modules-2\files-2.1\io.jsonwebtoken\jjwt-impl\0.11.2\8fd8acf9d3cb9a2db05bfa484c2a1408cc3507f9\jjwt-impl-0.11.2.jar;C:\Users\user\.gradle\caches\modules-2\files-2.1\org.springframework.boot\spring-boot-starter-reactor-netty\3.4.2\3f90623d79fb997bec8bbde95428f87b5947e92e\spring-boot-starter-reactor-netty-3.4.2.jar;C:\Users\user\.gradle\caches\modules-2\files-2.1\io.projectreactor\reactor-core\3.7.2\18e669540bcadf4fae1761779a57a991beb013ec\reactor-core-3.7.2.jar;C:\Users\user\.gradle\caches\modules-2\files-2.1\org.ow2.asm\asm\9.6\aa205cf0a06dbd8e04ece91c0b37c3f5d567546a\asm-9.6.jar;C:\Users\user\.gradle\caches\modules-2\files-2.1\io.netty\netty-codec\4.1.117.Final\2831d3431ed93d9c0b64b1c0cce2ced4737539aa\netty-codec-4.1.117.Final.jar;C:\Users\user\.gradle\caches\modules-2\files-2.1\com.amazonaws\aws-java-sdk-s3\1.11.792\e30d3f0aa9ac2ca0d8c16f94344cbac4b121b3f5\aws-java-sdk-s3-1.11.792.jar;C:\Users\user\.gradle\caches\modules-2\files-2.1\org.reactivestreams\reactive-streams\1.0.4\3864a1320d97d7b045f729a326e1e077661f31b7\reactive-streams-1.0.4.jar;C:\Users\user\.gradle\caches\modules-2\files-2.1\io.projectreactor.netty\reactor-netty-http\1.2.2\ca43d38c307ba9b0e15695f0e61f519d8fb7a51d\reactor-netty-http-1.2.2.jar;C:\Users\user\.gradle\caches\modules-2\files-2.1\com.github.stephenc.jcip\jcip-annotations\1.0-1\ef31541dd28ae2cefdd17c7ebf352d93e9058c63\jcip-annotations-1.0-1.jar;C:\Users\user\.gradle\caches\modules-2\files-2.1\org.springframework.cloud\spring-cloud-starter-aws\2.2.6.RELEASE\9d7c330b3f4aa477df2db27dd875a0e63a49456\spring-cloud-starter-aws-2.2.6.RELEASE.jar;C:\Users\user\.gradle\caches\m
Launcher Type: SUN_STANDARD

[Global flags]
     intx CICompilerCount                          = 4                                         {product} {ergonomic}
     uint ConcGCThreads                            = 3                                         {product} {ergonomic}
     uint G1ConcRefinementThreads                  = 10                                        {product} {ergonomic}
   size_t G1HeapRegionSize                         = 4194304                                   {product} {ergonomic}
    uintx GCDrainStackTargetSize                   = 64                                        {product} {ergonomic}
   size_t InitialHeapSize                          = 532676608                                 {product} {ergonomic}
     bool ManagementServer                         = true                                      {product} {command line}
   size_t MarkStackSize                            = 4194304                                   {product} {ergonomic}
   size_t MaxHeapSize                              = 8510242816                                {product} {ergonomic}
   size_t MinHeapDeltaBytes                        = 4194304                                   {product} {ergonomic}
   size_t MinHeapSize                              = 8388608                                   {product} {ergonomic}
    uintx NonNMethodCodeHeapSize                   = 5839372                                {pd product} {ergonomic}
    uintx NonProfiledCodeHeapSize                  = 122909434                              {pd product} {ergonomic}
    uintx ProfiledCodeHeapSize                     = 122909434                              {pd product} {ergonomic}
    uintx ReservedCodeCacheSize                    = 251658240                              {pd product} {ergonomic}
     bool SegmentedCodeCache                       = true                                      {product} {ergonomic}
     bool ShowCodeDetailsInExceptionMessages       = true                                   {manageable} {command line}
   size_t SoftMaxHeapSize                          = 8510242816                             {manageable} {ergonomic}
     bool UseCompressedClassPointers               = true                           {product lp64_product} {ergonomic}
     bool UseCompressedOops                        = true                           {product lp64_product} {ergonomic}
     bool UseG1GC                                  = true                                      {product} {ergonomic}
     bool UseLargePagesIndividualAllocation        = false                                  {pd product} {ergonomic}

Logging:
Log output configuration:
 #0: stdout all=warning uptime,level,tags
 #1: stderr all=off uptime,level,tags

Environment Variables:
JAVA_HOME=C:\Program Files\Java\jdk-17
PATH=C:\Users\user\bin;C:\Program Files\Git\mingw64\bin;C:\Program Files\Git\usr\local\bin;C:\Program Files\Git\usr\bin;C:\Program Files\Git\usr\bin;C:\Program Files\Git\mingw64\bin;C:\Program Files\Git\usr\bin;C:\Users\user\bin;C:\Program Files\Java\jdk-17\bin;C:\Program Files\Common Files\Oracle\Java\javapath;C:\pr\ORDB\app\oracle\product\11.2.0\server\bin;C:\Windows\system32;C:\Windows;C:\Windows\System32\Wbem;C:\Windows\System32\WindowsPowerShell\v1.0;C:\Windows\System32\OpenSSH;C:\Program Files\Git\cmd;C:\Program Files\MySQL\MySQL Server 8.0\bin;C:\Program Files\Bandizip;C:\Users\user\AppData\Local\Programs\Python\Python313\Scripts;C:\Users\user\AppData\Local\Programs\Python\Python313;C:\sqlite;C:\Program Files\nodejs;C:\Program Files (x86)\Yarn\bin;C:\Program Files\Docker\Docker\resources\bin;C:\Users\user\AppData\Local\Programs\Python\Launcher;C:\Users\user\AppData\Local\Microsoft\WindowsApps;C:\Program Files\MySQL\MySQL Server 8.0\bin;C:\Users\user\AppData\Local\Programs\Microsoft VS Code\bin;C:\Users\user\AppData\Local\Programs\Python\Python313;C:\Users\user\AppData\Local\Programs\Python\Python313\Scripts;C:\Users\user\AppData\Roaming\npm;C:\Program Files\nodejs;C:\Users\user\AppData\Local\Yarn\bin;C:\Program Files (x86)\ESTsoft\ALSee\x64;C:\Program Files\Git\usr\bin\vendor_perl;C:\Program Files\Git\usr\bin\core_perl
USERNAME=user
SHELL=C:\Program Files\Git\usr\bin\bash.exe
DISPLAY=needs-to-be-defined
LANG=en_US.UTF-8
OS=Windows_NT
PROCESSOR_IDENTIFIER=Intel64 Family 6 Model 186 Stepping 3, GenuineIntel



---------------  S Y S T E M  ---------------

OS:
 Windows 11 , 64 bit Build 22621 (10.0.22621.4830)
OS uptime: 9 days 22:04 hours
Hyper-V role detected

CPU: total 12 (initial active 12) (6 cores per cpu, 2 threads per core) family 6 model 186 stepping 3 microcode 0x411f, cx8, cmov, fxsr, ht, mmx, 3dnowpref, sse, sse2, sse3, ssse3, sse4.1, sse4.2, popcnt, lzcnt, tsc, tscinvbit, avx, avx2, aes, erms, clmul, bmi1, bmi2, adx, sha, fma, vzeroupper, clflush, clflushopt, clwb, hv

Memory: 4k page, system-wide physical 32451M (3011M free)
TotalPageFile size 70829M (AvailPageFile size 504M)
current process WorkingSet (physical memory assigned to process): 12M, peak: 12M
current process commit charge ("private bytes"): 65M, peak: 573M

vm_info: Java HotSpot(TM) 64-Bit Server VM (17.0.10+11-LTS-240) for windows-amd64 JRE (17.0.10+11-LTS-240), built on Dec 19 2023 21:47:25 by "mach5one" with MS VC++ 17.1 (VS2022)

END.
